<?xml version="1.0" encoding="utf-8"?><testsuites><testsuite name="pytest" errors="0" failures="0" skipped="0" tests="3" time="0.863" timestamp="2023-03-20T11:25:11.838592" hostname="machine13"><testcase classname="test.MyTestCase" name="test_total_is_JSON_object" time="0.342" /><testcase classname="test.MyTestCase" name="test_total_is_decimal" time="0.197" /><testcase classname="test.MyTestCase" name="test_total_is_more_than_zero" time="0.031" /></testsuite></testsuites>